<?xml version="1.0" encoding="UTF-8"?>
<!-- Generated by org.testng.reporters.JUnitReportReporter -->
<testsuite hostname="LAPTOP-PT9SMVUD" failures="0" tests="2" name="TestRunner.AmazonSearchFlowTest" time="9.444" errors="0" timestamp="2023-12-10T16:29:15 IST" skipped="1">
  <testcase classname="TestRunner.AmazonSearchFlowTest" name="searchAndAddToCart" time="9.444"/>
  <system-out/>
  <testcase classname="TestRunner.AmazonSearchFlowTest" name="RegisterUser">
    <skipped/>
  </testcase> <!-- RegisterUser -->
  <system-out/>
</testsuite> <!-- TestRunner.AmazonSearchFlowTest -->
