<?xml version="1.0" encoding="UTF-8"?>
<!-- Generated by org.testng.reporters.JUnitReportReporter -->
<testsuite hostname="LAPTOP-PT9SMVUD" failures="0" tests="1" name="AmzonWorkFlow.AmzonWorkFlow.AmazonSearchFlowTest" time="8.837" errors="0" timestamp="2023-12-09T02:40:44 IST" skipped="0">
  <testcase classname="AmzonWorkFlow.AmzonWorkFlow.AmazonSearchFlowTest" name="searchAndAddToCart" time="8.837"/>
  <system-out/>
</testsuite> <!-- AmzonWorkFlow.AmzonWorkFlow.AmazonSearchFlowTest -->
