<?xml version="1.0" encoding="UTF-8"?>
<!-- Generated by org.testng.reporters.JUnitReportReporter -->
<testsuite hostname="LAPTOP-PT9SMVUD" failures="0" tests="1" name="TestRunner.AmazonIphoneSearchFlowTest" time="10.508" errors="0" timestamp="2023-12-10T21:02:00 IST" skipped="0">
  <testcase classname="TestRunner.AmazonIphoneSearchFlowTest" name="searchAndAddToCart" time="10.508"/>
  <system-out/>
</testsuite> <!-- TestRunner.AmazonIphoneSearchFlowTest -->
